[   0.000000] Initializing cgroup subsys cpuset
[    0.000000] Initializing cgroup subsys cpu
[    0..000000] Initializing cgroup subsys cpuacct
[    0.000000] Linux version 4.4.0-141-generic (buildd@lcy01-amd64-006) (gcc version 5.4.0 20160609 (Ubuntu 5.4.0-6ubuntu1~16.04.10) ) #167-Ubuntu SMP Wed Dec 5 10:40:15 UTC 2018 (Ubuntu 4.4.0-141.167-generic 4.4.162)
[    0.000000] Command line: BOOT_IMAGE=/boot/vmlinuz-4.4.0-141-generic root=LABEL=cloudimg-rootfs ro console=tty1 console=ttyS0
[    0.000000] KERNL supported cpus:
[    0.000000]   Intel GenuineIntel
[    0.000000]   AMD AuthenticAMD
[    0.000000]   Centaur CentaurHauls
[    0.000000] x86/fpu: xstate_offet2]:  576, xstate_sizes[2]:  256
[    0.000000] x86/fpu: Supporting XSAVE feature 0x01: 'x87 floating point registers'
[    0.000000] x86/fpu: Supporting XSAVE feature 0x02: 'SSE registers'
[    0.000000] x86/fpu: Supporting XSAVE feature 0x04: 'AVX registers'
[    0.000000] x86/fpu: Enabled xstate features 0x7, context size is 832 bytes, using 'standard' format.
[    0.000000] e820: BIOS-provided physical RAM map:
[    0.000000] BIOS-e820: [mem 0x00000000000000-0x000000000009fbff] usable
[    0.000000] BIOS-e820: [mem 0x000000000009fc00-0x000000000009ffff] reserved
[    0.000000] BIOS-e820: [mem 0x00000000000f0000-0x00000000000fffff] reserved   0.00000BIOS-e820: [mem 0x0000000000100000-0x000000003ffeffff] usable
[    0.000000] BIOS-e820: [mem 0x000000003fff0000-0x000000003fffffff] ACPI data
[    0.000000] BIOS-e820: [mem 0x00000000fec00000-0x00000000fec00fff] reserved
[    0.000000] BIOS-e820: [mem 0x00000000fee00000-0x00000000fee00fff] reserved
[    0.000000] BIOS-e820: [mem 0x00000000fffc0000-0x00000000ffffffff] reserved
[    0.000000] NX (Execute Disable) protection: active
[    0.000000] SMBIOS 2.5 present.
[    0.000000] Hypervisor detected: KVM
[    0.000000] e820: last_pfn = 0x3fff0 max_arch_pfn = 0x400000000
[    0.000000] MTRR: Disabled
[    0.000000] x86/PAT: MTRRs disabled, skipping PAT initialization too.
[    0.000000] CPU MTRRs all blank - virtualized system.
[    0.000000] x86/PAT: Configuration [0-7]: WB  WT  UC- UC  WB  WT  UC- UC  
[    0.000000] found SMP MP-table at [mem 0x0009fff0-0x0009ffff] mapped at [ffff88000009fff0]
[    0.000000] Scanning 1 areas for low memory corruption
[    0.000000] RAMDISK: [mem 0x36304000-0x37179fff]
[    0.000000] ACPI: Early table checksum verification disabled
[    0.000000] ACPI: RSDP 0x00000000000E0000 000024 (v02 VBOX  )
[    0.000000] ACPI: XSDT 0x000000003FFF0030 00003C (v01 VBOX   VBOXXSDT 00000001 ASL  00000061)
[    0.000000] ACPI: FACP 0x000000003FFF00F0 0000F4 (v04 VBOX   VBOXFACP 00000001 ASL  00000061)
[    0.000000] ACPI: DSDT 0x000000003FFF0470 0021FF (v02 VBOX   VBOXBIOS 00000002 INTL 20180105)
[    0.000000] ACPI: FACS 0x000000003FFF0200 000040
[    0.000000] ACPI: FACS 0x000000003FFF0200 000040
[    0.000000] ACPI: APIC 0x000000003FFF0240 00005C (v02 VBOX   VBOXAPIC 00000001 ASL  00000061)
[    0.000000] ACPI: SSDT 0x000000003FFF02A0 0001CC (v01 VBOX   VBOXCPUT 00000002 INTL 20180105)
[    0.000000] No NUMA configuration found
[    0.000000] Faking a node at [mem 0x0000000000000000-0x000000003ffeffff]
[    0.000000] NODE_DATA(0) allocated [mem 0x3ffeb000-0x3ffeffff]
[    0.000000] kvm-clock: Using msrs 4b564d01 and 4b564d00
[    0.000000] kvm-clock: cpu 0, msr 0:3ffe3001, primary cpu clock
[    0.000000] kvm-clock: using sched offset of 3276979293 cycles
[    0.000000] clocksource: kvm-clock: mask: 0xffffffffffffffff max_cycles: 0x1cd42e4dffb, max_idle_ns: 881590591483 ns
[    0.000000] Zone ranges:
[    0.000000]   DMA      [mem 0x0000000000001000-0x0000000000ffffff]
[    0.000000]   DMA32    [mem 0x0000000001000000-0x000000003ffeffff]
[    0.000000]   Normal   empty
[    0.000000]   Device   empty
[    0.000000] Movable zone start for each node
[    0.000000] Early memory node ranges
[    0.000000]   node   0: [mem 0x0000000000001000-0x000000000009efff]
[    0.000000]   node   0: [mem 0x0000000000100000-0x000000003ffeffff]
[    0.000000] Initmem setup node 0 [mem 0x0000000000001000-0x000000003ffeffff]
[    0.000000] ACPI: PM-Timer IO Port: 0x4008
[    0.000000] IOAPIC[0]: apic_id 2, version 32, address 0xfec00000, GSI 0-23
[    0.000000] ACPI: INT_SRC_OVR (bus 0 bus_irq 0 global_irq 2 dfl dfl)
[    0.000000] ACPI: INT_SRC_OVR (bus 0 bus_irq 9 global_irq 9 low level)
[    0.000000] Using ACPI (MADT) for SMP configuration information
[    0.000000] smpboot: Allowing 2 CPUs, 0 hotplug CPUs
[    0.000000] PM: Registered nosave memory: [mem 0x00000000-0x00000fff]
[    0.000000] PM: Registered nosave memory: [mem 0x0009f000-0x0009ffff]
[    0.000000] PM: Registered nosave memory: [mem 0x000a0000-0x000effff]
[    0.000000] PM: Registered nosave memory: [mem 0x000f0000-0x000fffff]
[    0.000000] e820: [mem 0x40000000-0xfebfffff] available for PCI devices
[    0.000000] Booting paravirtualized kernel on KVM
[    0.000000] clocksource: refined-jiffies: mask: 0xffffffff max_cycles: 0xffffffff, max_idle_ns: 7645519600211568 ns
[    0.000000] setup_percpu: NR_CPUS:512 nr_cpumask_bits:512 nr_cpu_ids:2 nr_node_ids:1
[    0.000000] PERCPU: Embedded 34 pages/cpu @ffff88003fc00000 s99608 r8192 d31464 u1048576
[    0.000000] PV qspinlock hash table entries: 256 (order: 0, 4096 bytes)
[    0.000000] Built 1 zonelists in Node order, mobility grouping on.  Total pages: 257912
[    0.000000] Policy zone: DMA32
[    0.000000] Kernel command line: BOOT_IMAGE=/boot/vmlinuz-4.4.0-141-generic root=LABEL=cloudimg-rootfs ro console=tty1 console=ttyS0
[    0.000000] PID hash table entries: 4096 (order: 3, 32768 bytes)
[    0.000000] Memory: 997696K/1048120K available (8568K kernel code, 1314K rwdata, 4008K rodata, 1528K init, 1316K bss, 50424K reserved, 0K cma-reserved)
[    0.000000] SLUB: HWalign=64, Order=0-3, MinObjects=0, CPUs=2, Nodes=1
[    0.000000] Kernel/User page tables isolation: enabled
[    0.000000] Hierarchical RCU implementation.
[    0.000000] 	Build-time adjustment of leaf fanout to 64.
[    0.000000] 	RCU restricting CPUs from NR_CPUS=512 to nr_cpu_ids=2.
[    0.000000] RCU: Adjusting geometry for rcu_fanout_leaf=64, nr_cpu_ids=2
[    0.000000] NR_IRQS:33024 nr_irqs:440 16
[    0.000000] Console: colour VGA+ 80x25
[    0.000000] console [tty1] enabled
[    0.000000] console [ttyS0] enabled
[    0.000000] tsc: Detected 2594.106 MHz processor
[    0.416596] Calibrating delay loop (skipped) preset value.. 5188.21 BogoMIPS (lpj=10376424)
[    0.423837] pid_max: default: 32768 minimum: 301
[    0.430034] ACPI: Core revision 20150930
[    0.431772] ACPI: 2 ACPI AML tables successfully acquired and loaded
[    0.433062] Security Framework initialized
[    0.433892] Yama: becoming mindful.
[    0.434640] AppArmor: AppArmor initialized
[    0.435543] Dentry cache hash table entries: 131072 (order: 8, 1048576 bytes)
[    0.437616] Inode-cache hash table entries: 65536 (order: 7, 524288 bytes)
[    0.444184] Mount-cache hash table entries: 2048 (order: 2, 16384 bytes)
[    0.445376] Mountpoint-cache hash table entries: 2048 (order: 2, 16384 bytes)
[    0.446768] Initializing cgroup subsys io
[    0.447619] Initializing cgroup subsys memory
[    0.448479] Initializing cgroup subsys devices
[    0.449353] Initializing cgroup subsys freezer
[    0.450220] Initializing cgroup subsys net_cls
[    0.451289] Initializing cgroup subsys perf_event
[    0.452590] Initializing cgroup subsys net_prio
[    0.453521] Initializing cgroup subsys hugetlb
[    0.454413] Initializing cgroup subsys pids
[    0.455638] mce: CPU supports 0 MCE banks
[    0.456470] Last level iTLB entries: 4KB 512, 2MB 8, 4MB 8
[    0.457484] Last level dTLB entries: 4KB 512, 2MB 32, 4MB 32, 1GB 0
[    0.458597] Spectre V2 : Mitigation: Full generic retpoline
[    0.459626] Spectre V2 : Spectre v2 mitigation: Speculation control IBPB not-supported IBRS not-supported
[    0.461348] Spectre V2 : Spectre v2 / SpectreRSB mitigation: Filling RSB on context switch
[    0.463219] Speculative Store Bypass: Vulnerable
[    0.466783] Freeing SMP alternatives memory: 32K
[    0.475953] ftrace: allocating 32291 entries in 127 pages
[    0.564334] smpboot: APIC(0) Converting physical 0 to logical package 0
[    0.576334] smpboot: Max logical packages: 1
[    0.577616] x2apic enabled
[    0.578605] Switched APIC routing to physical x2apic.
[    0.580839] ..TIMER: vector=0x30 apic1=0 pin1=2 apic2=-1 pin2=-1
[    0.687857] smpboot: CPU0: Intel(R) Core(TM) i5-3320M CPU @ 2.60GHz (family: 0x6, model: 0x3a, stepping: 0x9)
[    0.690268] Performance Events: unsupported p6 CPU model 58 no PMU driver, software events only.
[    0.692422] KVM setup paravirtual spinlock
[    0.694134] x86: Booting SMP configuration:
[    0.695145] .... node  #0, CPUs:      #1
[    0.696276] kvm-clock: cpu 1, msr 0:3ffe3041, secondary cpu clock
[    0.697397] mce: CPU supports 0 MCE banks
[    0.699903] x86: Booted up 1 node, 2 CPUs
[    0.701158] smpboot: Total of 2 processors activated (10376.42 BogoMIPS)
[    0.703078] devtmpfs: initialized
[    0.706165] evm: security.selinux
[    0.706996] evm: security.SMACK64
[    0.707832] evm: security.SMACK64EXEC
[    0.708717] evm: security.SMACK64TRANSMUTE
[    0.709694] evm: security.SMACK64MMAP
[    0.710595] evm: security.ima
[    0.716659] evm: security.capability
[    0.717867] clocksource: jiffies: mask: 0xffffffff max_cycles: 0xffffffff, max_idle_ns: 7645041785100000 ns
[    0.720078] futex hash table entries: 512 (order: 3, 32768 bytes)
[    0.721559] pinctrl core: initialized pinctrl subsystem
[    0.722835] RTC time: 19:40:50, date: 05/25/19
[    0.724123] NET: Registered protocol family 16
[    0.735505] cpuidle: using governor ladder
[    0.747508] cpuidle: using governor menu
[    0.749085] PCCT header not found.
[    0.750625] ACPI: bus type PCI registered
[    0.752249] acpiphp: ACPI Hot Plug PCI Controller Driver version: 0.5
[    0.754704] PCI: Using configuration type 1 for base access
[    0.769147] ACPI: Added _OSI(Module Device)
[    0.771050] ACPI: Added _OSI(Processor Device)
[    0.772935] ACPI: Added _OSI(3.0 _SCP Extensions)
[    0.774874] ACPI: Added _OSI(Processor Aggregator Device)
[    0.777917] ACPI: Executed 1 blocks of module-level executable AML code
[    0.783056] ACPI: Interpreter enabled
[    0.784018] ACPI: (supports S0 S5)
[    0.784876] ACPI: Using IOAPIC for interrupt routing
[    0.786187] PCI: Using host bridge windows from ACPI; if necessary, use "pci=nocrs" and report a bug
[    0.791694] ACPI: PCI Root Bridge [PCI0] (domain 0000 [bus 00-ff])
[    0.793051] acpi PNP0A03:00: _OSC: OS supports [ASPM ClockPM Segments MSI]
[    0.794598] acpi PNP0A03:00: _OSC: not requesting OS control; OS requires [ExtendedConfig ASPM ClockPM MSI]
[    0.796770] acpi PNP0A03:00: fail to add MMCONFIG information, can't access extended PCI configuration space under this bridge.
[    0.799505] PCI host bridge to bus 0000:00
[    0.800469] pci_bus 0000:00: root bus resource [io  0x0000-0x0cf7 window]
[    0.801906] pci_bus 0000:00: root bus resource [io  0x0d00-0xffff window]
[    0.803311] pci_bus 0000:00: root bus resource [mem 0x000a0000-0x000bffff window]
[    0.805082] pci_bus 0000:00: root bus resource [mem 0x40000000-0xfdffffff window]
[    0.806826] pci_bus 0000:00: root bus resource [bus 00-ff]
[    0.809617] pci 0000:00:01.1: legacy IDE quirk: reg 0x10: [io  0x01f0-0x01f7]
[    0.811108] pci 0000:00:01.1: legacy IDE quirk: reg 0x14: [io  0x03f6]
[    0.812548] pci 0000:00:01.1: legacy IDE quirk: reg 0x18: [io  0x0170-0x0177]
[    0.814049] pci 0000:00:01.1: legacy IDE quirk: reg 0x1c: [io  0x0376]
[    0.847201] pci 0000:00:07.0: quirk: [io  0x4000-0x403f] claimed by PIIX4 ACPI
[    0.849852] pci 0000:00:07.0: quirk: [io  0x4100-0x410f] claimed by PIIX4 SMB
[    0.867753] ACPI: PCI Interrupt Link [LNKA] (IRQs 5 9 10 *11)
[    0.878059] ACPI: PCI Interrupt Link [LNKB] (IRQs 5 9 *10 11)
[    0.880894] ACPI: PCI Interrupt Link [LNKC] (IRQs 5 *9 10 11)
[    0.888787] ACPI: PCI Interrupt Link [LNKD] (IRQs 5 9 10 *11)
[    0.892984] ACPI: Enabled 2 GPEs in block 00 to 07
[    0.894585] vgaarb: setting as boot device: PCI:0000:00:02.0
[    0.895884] vgaarb: device added: PCI:0000:00:02.0,decodes=io+mem,owns=io+mem,locks=none
[    0.897847] vgaarb: loaded
[    0.898607] vgaarb: bridge control possible 0000:00:02.0
[    0.900383] SCSI subsystem initialized
[    0.901503] ACPI: bus type USB registered
[    0.902552] usbcore: registered new interface driver usbfs
[    0.903844] usbcore: registered new interface driver hub
[    0.904908] usbcore: registered new device driver usb
[    0.906782] PCI: Using ACPI for IRQ routing
[    0.907982] NetLabel: Initializing
[    0.908739] NetLabel:  domain hash size = 128
[    0.909599] NetLabel:  protocols = UNLABELED CIPSOv4
[    0.910537] NetLabel:  unlabeled traffic allowed by default
[    0.921209] amd_nb: Cannot enumerate AMD northbridges
[    0.972136] clocksource: Switched to clocksource kvm-clock
[    0.980077] AppArmor: AppArmor Filesystem Enabled
[    0.981122] pnp: PnP ACPI init
[    0.982602] pnp: PnP ACPI: found 3 devices
[    0.993352] clocksource: acpi_pm: mask: 0xffffff max_cycles: 0xffffff, max_idle_ns: 2085701024 ns
[    0.995189] NET: Registered protocol family 2
[    0.996280] TCP established hash table entries: 8192 (order: 4, 65536 bytes)
[    0.997523] TCP bind hash table entries: 8192 (order: 5, 131072 bytes)
[    0.998702] TCP: Hash tables configured (established 8192 bind 8192)
[    0.999836] UDP hash table entries: 512 (order: 2, 16384 bytes)
[    1.000908] UDP-Lite hash table entries: 512 (ord:  1634 tes)
[    1.159871] NET: Registered protocol family 1
[    1.160762] pci 0000:00:00.0: Limiting direct PCI/PCI transfers
[    1.161889] pci 0000:00:01.0: Activating ISA DMA hang workarounds
[    1.163126] Unpacking initramfs...

[    1.385401] Freeing initrd memory: 14808K
[    1.442255] RAPL PMU detected, API unit is 2^-32 Joules, 3 fixed counters 10737418240 ms ovfl timer
[    1.444367] hw unit of domain pp0-core 2^-0 Joules
[    1.445553] hw unit of domain package 2^-0 Joules
[    1.446705] hw unit of domain pp1-gpu 2^-0 Joules
[    1.447926] platform rtc_cmos: registered platform RTC device (no PNP device found)
[    1.449856] Scanning for low memory corruption every 60 seconds
[    1.451688] audit: initializing netlink subsys (disabled)
[    1.452959] audit: type=2000 audit(1558813255.328:1): initialized
[    1.454610] Initialise system trusted keyring
[    1.456066] HugeTLB registered 2 MB page size, pre-allocated 0 pages
[    1.458861] zbud: loaded
[    1.460043] VFS: Disk quotas dquot_6.6.0
[    1.461056] VFS: Dquot-cache hash table entries: 512 (order 0, 4096 bytes)
[    1.471289] squashfs: version 4.0 (2009/01/31) Phillip Lougher
[    1.472634] fuse init (API version 7.23)
[    1.473592] Key type big_key registered
[    1.474394] Allocating IMA MOK and blacklist keyrings.
[    1.477018] Key type asymmetric registered
[    1.478648] Asymmetric key parser 'x509' registered
[    1.480106] Block layer SCSI generic (bsg) driver version 0.4 loaded (major 249)
[    1.482940] io scheduler noop registered
[    1.484237] io scheduler deadline registered (default)
[    1.485874] io scheduler cfq registered
[    1.487643] pci_hotplug: PCI Hot Plug PCI Core version: 0.5
[    1.489501] pciehp: PCI Express Hot Plug Controller Driver version: 0.4
[    1.490874] ACPI: AC Adapter [AC] (on-line)
[    1.491770] input: Power Button as /devices/LNXSYSTM:00/LNXPWRBN:00/input/input0
[    1.493305] ACPI: Power Button [PWRF]
[    1.494189] input: Sleep Button as /devices/LNXSYSTM:00/LNXSLPBN:00/input/input1
[    1.495694] ACPI: Sleep Button [SLPF]
[    1.496713] GHES: HEST is not enabled!
[    1.498203] ACPI: Battery Slot [BAT0] (battery present)
[    1.499214] Serial: 8250/16550 driver, 32 ports, IRQ sharing enabled
[    1.522541] 00:02: ttyS0 at I/O 0x3f8 (irq = 4, base_baud = 115200) is a 16550A
[    1.525196] Linux agpgart interface v0.103
[    1.527724] loop: module loaded
[    1.529149] scsi host0: ata_piix
[    1.530044] scsi host1: ata_piix
[    1.530777] ata1: PATA max UDMA/33 cmd 0x1f0 ctl 0x3f6 bmdma 0xd000 irq 14
[    1.531988] ata2: PATA max UDMA/33 cmd 0x170 ctl 0x376 bmdma 0xd008 irq 15
[    1.533416] libphy: Fixed MDIO Bus: probed
[    1.534422] tun: Universal TUN/TAP device driver, 1.6
[    1.535366] tun: (C) 1999-2004 Max Krasnyansky <maxk@qualcomm.com>
[    1.537692] PPP generic driver version 2.4.2
[    1.538602] ehci_hcd: USB 2.0 'Enhanced' Host Controller (EHCI) Driver
[    1.671800] ehci-pci: EHCI PCI platform driver
[    1.761966] ehci-platform: EHCI generic platform driver
[    1.762984] ohci_hcd: USB 1.1 'Open' Host Controller (OHCI) Driver
[    1.764089] ohci-pci: OHCI PCI platform driver
[    1.764997] ohci-platform: OHCI generic platform driver
[    1.766036] uhci_hcd: USB Universal Host Controller Interface driver
[    1.767227] i8042: PNP: PS/2 Controller [PNP0303:PS2K,PNP0f03:PS2M] at 0x60,0x64 irq 1,12
[    1.769296] serio: i8042 KBD port at 0x60,0x64 irq 1
[    1.770515] serio: i8042 AUX port at 0x60,0x64 irq 12
[    1.771837] mousedev: PS/2 mouse device common for all mice
[    1.773514] input: AT Translated Set 2 keyboard as /devices/platform/i8042/serio0/input/input2
[    1.779640] rtc_cmos rtc_cmos: rtc core: registered rtc_cmos as rtc0
[    1.780883] rtc_cmos rtc_cmos: alarms up to one day, 114 bytes nvram
[    1.782039] i2c /dev entries driver
[    1.782833] device-mapper: uevent: version 1.0.3
[    1.783849] device-mapper: ioctl: 4.34.0-ioctl (2015-10-28) initialised: dm-devel@redhat.com
[    1.785708] ledtrig-cpu: registered to indicate activity on CPUs
[    1.787358] NET: Registered protocol family 10
[    1.788456] NET: Registered protocol family 17
[    1.789351] Key type dns_resolver registered
[    1.790446] registered taskstats version 1
[    1.791293] Loading compiled-in X.509 certificates
[    1.792957] Loaded X.509 cert 'Build time autogenerated kernel key: 7c9fb337b82e5a343493fe891c556beae1895c7c'
[    1.794807] zswap: loaded using pool lzo/zbud
[    1.797720] Key type trusted registered
[    1.801992] Key type encrypted registered
[    1.805519] AppArmor: AppArmor sha1 policy hashing enabled
[    1.806531] ima: No TPM chip found, activating TPM-bypass!
[    1.807538] ima: Allocated hash algorithm: sha1
[    1.808426] evm: HMAC attrs: 0x1
[    1.809557]   Magic number: 3:23:699
[    1.810399] rtc_cmos rtc_cmos: setting system clock to 2019-05-25 19:40:51 UTC (1558813251)
[    1.812155] BIOS EDD facility v0.16 2004-Jun-25, 0 devices found
[    1.813315] EDD information not available.
[    1.815449] Freeing unused kernel memory: 1528K
[    1.828188] Write protecting the kernel read-only data: 14336k
[    1.842902] Freeing unused kernel memory: 1660K
[    1.844358] Freeing unused kernel memory: 88K
Loading, please wait...
starting version[    1.858303] random: systemd-udevd: uninitialized urandom read (16 bytes read, 2 bits of entropy available)
 229
[    1.859085] random: udevadm: uninitialized urandom read (16 bytes read, 2 bits of entropy available)
[    1.859118] random: udevadm: uninitialized urandom read (16 bytes read, 2 bits of entropy available)
[    1.869174] random: udevadm: uninitialized urandom read (16 bytes read, 2 bits of entropy available)
[    1.869222] random: udevadm: uninitialized urandom read (16 bytes read, 2 bits of entropy available)
[    1.869396] random: udevadm: uninitialized urandom read (16 bytes read, 2 bits of entropy available)
[    1.869457] random: udevadm: uninitialized urandom read (16 bytes read, 2 bits of entropy available)
[    1.869515] random: udevadm: uninitialized urandom read (16 bytes read, 2 bits of entropy available)
[    1.869577] random: udevadm: uninitialized urandom read (16 bytes read, 2 bits of entropy available)
[    1.869638] random: udevadm: uninitialized urandom read (16 bytes read, 2 bits of entropy available)
[    1.919858] e1000: Intel(R) PRO/1000 Network Driver - version 7.3.21-k8-NAPI
[    1.922892] e1000: Copyright (c) 1999-2006 Intel Corporation.
[    1.924313] Fusion MPT base driver 3.04.20
[    1.925222] Copyright (c) 1999-2008 LSI Corporation
[    1.934629] Fusion MPT SPI Host driver 3.04.20
[    1.954478] AVX version of gcm_enc/dec engaged.
[    1.964796] AES CTR mode by8 optimization enabled
[    2.129476] input: ImExPS/2 Generic Explorer Mouse as /devices/platform/i8042/serio1/input/input4
[    2.304850] e1000 0000:00:03.0 eth0: (PCI:33MHz:32-bit) 02:9c:d2:53:c1:d1
[    2.322851] e1000 0000:00:03.0 eth0: Intel(R) PRO/1000 Network Connection
[    2.325169] mptbase: ioc0: Initiating bringup
[    2.388612] ioc0: LSI53C1030 A0: Capabilities={Initiator}
[    2.444392] tsc: Refined TSC clocksource calibration: 2594.741 MHz
[    2.464704] clocksource: tsc: mask: 0xffffffffffffffff max_cycles: 0x2566d43b93c, max_idle_ns: 440795331860 ns
[    2.573204] scsi host2: ioc0: LSI53C1030 A0, FwRev=00000000h, Ports=1, MaxQ=256, IRQ=20
[    2.689517] scsi 2:0:0:0: Direct-Access     VBOX     HARDDISK         1.0  PQ: 0 ANSI: 5
[    2.694821] scsi target2:0:0: Beginning Domain Validation
[    2.699366] scsi target2:0:0: Domain Validation skipping write tests
[    2.700968] scsi target2:0:0: Ending Domain Validation
[    2.710455] scsi target2:0:0: asynchronous
[    2.712352] scsi 2:0:1:0: Direct-Access     VBOX     HARDDISK         1.0  PQ: 0 ANSI: 5
[    2.724677] scsi target2:0:1: Beginning Domain Validation
[    2.726691] scsi target2:0:1: Domain Validation skipping write tests
[    2.727859] scsi target2:0:1: Ending Domain Validation
[    2.728929] scsi target2:0:1: asynchronous
[    2.745353] sd 2:0:0:0: Attached scsi generic sg0 type 0
[    2.746477] sd 2:0:0:0: [sda] 20971520 512-byte logical blocks: (10.7 GB/10.0 GiB)
[    2.748566] sd 2:0:1:0: Attached scsi generic sg1 type 0
[    2.749886] sd 2:0:1:0: [sdb] 20480 512-byte logical blocks: (10.5 MB/10.0 MiB)
[    2.751522] sd 2:0:0:0: [sda] Write Protect is off
[    2.752654] sd 2:0:0:0: [sda] Incomplete mode parameter data
[    2.753784] sd 2:0:0:0: [sda] Assuming drive cache: write through
[    2.754911] sd 2:0:1:0: [sdb] Write Protect is off
[    2.756290] sd 2:0:1:0: [sdb] Incomplete mode parameter data
[    2.757445] sd 2:0:1:0: [sdb] Assuming drive cache: write through
[    2.760272]  sda: sda1
[    2.761808] sd 2:0:0:0: [sda] Attached SCSI disk
[    2.763155] sd 2:0:1:0: [sdb] Attached SCSI disk
[    3.053416] e1000 0000:00:08.0 eth1: (PCI:33MHz:32-bit) 08:00:27:fb:fd:31
[    3.065448] e1000 0000:00:08.0 eth1: Intel(R) PRO/1000 Network Connection
[    3.069657] e1000 0000:00:08.0 enp0s8: renamed from eth1
[    3.080796] e1000 0000:00:03.0 enp0s3: renamed from eth0
Begin: Loading essential drivers ... [    4.493772] md: linear personality registered for level -1
[    4.498964] md: multipath personality registered for level -4
[    4.505358] md: raid0 personality registered for level 0
[    4.511045] md: raid1 personality registered for level 1
[    4.588194] raid6: sse2x1   gen()  6733 MB/s
[    4.672166] raid6: sse2x1   xor()  6781 MB/s
[    4.748166] raid6: sse2x2   gen() 10842 MB/s
[    4.816162] raid6: sse2x2   xor()  7653 MB/s
[    4.884164] raid6: sse2x4   gen() 12755 MB/s
[    4.952163] raid6: sse2x4   xor()  9383 MB/s
[    4.953194] raid6: using algorithm sse2x4 gen() 12755 MB/s
[    4.954427] raid6: .... xor() 9383 MB/s, rmw enabled
[    4.955543] raid6: using ssse3x2 recovery algorithm
[    4.957884] xor: automatically using best checksumming function:
[    4.996163]    avx       : 18984.000 MB/sec
[    4.998310] async_tx: api initialized (async)
[    5.006647] md: raid6 personality registered for level 6
[    5.007930] md: raid5 personality registered for level 5
[    5.009183] md: raid4 personality registered for level 4
[    5.016772] md: raid10 personality registered for level 10
done.
Begin: Running /scripts/init-premount ... done.
Begin: Mounting root file system ... Begin: Running /scripts/local-top ... done.
Begin: Running /scripts/local-premount ... [    5.055492] Btrfs loaded
Scanning for Btrfs filesystems
done.
Warning: fsck not present, so skipping root file system
[    5.096555] EXT4-fs (sda1): mounted filesystem with ordered data mode. Opts: (null)
done.
Begin: Running /scripts/local-bottom ... done.
Begin: Running /scripts/init-bottom ... done.
[    5.234934] systemd[1]: systemd 229 running in system mode. (+PAM +AUDIT +SELINUX +IMA +APPARMOR +SMACK +SYSVINIT +UTMP +LIBCRYPTSETUP +GCRYPT +GNUTLS +ACL +XZ -LZ4 +SECCOMP +BLKID +ELFUTILS +KMOD -IDN)
[    5.238261] systemd[1]: Detected virtualization oracle.
[    5.239290] systemd[1]: Detected architecture x86-64.

Welcome to [1mUbuntu 16.04.5 LTS[0m!

[    5.243748] systemd[1]: Set hostname to <ubuntu>.
[    5.252351] systemd[1]: Initializing machine ID from random generator.
[    5.254404] systemd[1]: Installed transient /etc/machine-id file.
[   5.423460] systemd[1]: Started Trigger resolvconf update for networkd DNS.
[[0;32m  OK  [0m] Started Trigger resolvconf update for networkd DNS.
[    5.474608] systemd[1]: Listening on LVM2 metadata daemon socket.
[[0;32m  OK  [0m] Listening on LVM2 metadata daemon socket.
[    5.477893] systemd[1]: Created slice System Slice.
[[0;32m  OK  [0m] Created slice System Slice.
[    5.480426] systemd[1]: Reached target Swap.
[[0;32m  OK  [0m] Reached target Swap.
[    5.486944] systemd[1]: Listening on LVM2 poll daemon socket.
[[0;32m  OK  [0m] Listening on LVM2 poll daemon socket.
[    5.489805] systemd[1]: Reached target System Time Synchronized.
[[0;32m  OK  [0m] Reached target System Time Synchronized.
[    5.493059] systemd[1]: Listening on Journal Socket (/dev/log).
[[0;32m  OK  [0m] Listening on Journal Socket (/dev/log).
[    5.496252] systemd[1]: Listening on Device-mapper event daemon FIFOs.
[[0;32m  OK  [0m] Listening on Device-mapper event daemon FIFOs.
[    5.499617] systemd[1]: Reached target Encrypted Volumes.
[[0;32m  OK  [0m] Reached target Encrypted Volumes.
[    5.502488] systemd[1]: Listening on udev Control Socket.
[[0;32m  OK  [0m] Listening on udev Control Socket.
[    5.505101] systemd[1]: Reached target User and Group Name Lookups.
[[0;32m  OK  [0m] Reached target User and Group Name Lookups.
[    5.578263] systemd[1]: Listening on /dev/initctl Compatibility Named Pipe.
[[0;32m  OK  [0m] Listening on /dev/initctl Compatibility Named Pipe.
[    5.593855] systemd[1]: Listening on Syslog Socket.
[[0;32m  OK  [0m] Listening on Syslog Socket.
[    5.59438] systemd[1]: Created slice system-serial\x2dgetty.slice.
[[0;32m  OK  [0m] Created slice system-serial\x2dgetty.slice.
[    5.630752] systemd[1]: Set up automount Arbitray Executabe ile Formats File System Automount Point.
[[0;32m  OK  [0m] Set up automount Arbitrary Executab...ats File System Automount Point.
[    5.714213] systemd[1]: Listening on Journal Socket.
[[0;32m  OK  [0m] Listening on Journal Socket.
[    5.728644] systemd[1]: Mounting Debug File System...
         Mounting Debug File System...
[    5.749905] systemd[1]: Starting Create list of required static device nodes for the current kernel...
         Starting Create list of required st... nodes for the current kernel...
[    5.759528] systemd[1]: Mounting POSIX Message Queue File System...
         Mounting POSIX Message Queue File System...
[    5.766218] systemd[1]: Mounting Huge Pages File System...
         Mounting Huge Pages File System...
[    5.770132] systemd[1]: Starting Monitoring of LVM2 mirrors, snapshots etc. using dmeventd or progress polling...
         Starting Monitoring of LVM2 mirrors... dmeventd or progress polling...
[    5.779593] systemd[1]: Starting Remount Root and Kernel File Systems...
         [    5.785705] EXT4-fs (sda1): re-mounted. Opts: (null)
Starting Remount Root and Kernel File Systems...
[    5.794745] systemd[1]: Starting Load Kernel Modules...
         Starting Load Kernel Modules...
[    5.803367] systemd[1]: Started Forward Password Requests to Wall Directory Watch.
[[0;32m  OK  [0m] Started Forward Password Requests to Wall Directory Watch.
[    5.811112] systemd[1]: Starting Uncomplicated firewall...
         Starting Uncomplicated firewall...
[    5.843275] Loading iSCSI transport class v2.0-870.
[    5.852781] systemd[1]: Created slice User and Session Slice.
[[0;32m  OK  [0m] Created slice User and Session Slice.
[    5.855937] systemd[1]: Reached target Slices.
[[0;32m  OK  [0m] Reached target Slices.
[    5.858868] systemd[1]: Listening on udev Kernel Socket.
[[0;32m  OK  [0m] Listening on udev Kernel Socket.
[    5.862317] iscsi: registered transport (tcp)
[    5.863427] systemd[1]: Starting Nameserver information manager...
         Starting Nameserver information manager...
[    5.884929] systemd[1]: Starting Set console keymap...
         Starting Set console keymap...
[    5.887266] systemd[1]: Listening on Journal Audit Socket.
[[0;32m  OK  [0m] Listening on Journal Audit Socket.
[    5.891734] systemd[1]: Starting Journal Service...
         Starting Journal Service...
[    5.897793] systemd[1]: Mounted Debug File System.
[[0;32m  OK  [0m] Mounted Debug File System.
[    5.901350] systemd[1]: Mounted Huge Pages File System.
[[0;32m  OK  [0m] Mounted Huge Pages File System.
[    5.914174] systemd[1]: Mounted POSIX Message Queue File System.
[[0;32m  OK  [0m] Mounted POSIX Message Queue File System.
[    5.917424] systemd[1]: Started Create list of required static device nodes for the current kernel.
[[0;32m  OK  [0m] Started Create list of required sta...ce nodes for the current kernel.
[    5.932870] systemd[1]: Started Remount Root and Kernel File Systems.
[[0;32m  OK  [0m] Started Remount Root and Kernel File Systems.
[    5.936589] systemd[1]: Started Uncomplicated firewall.
[[0;32m  OK  [0m] Started Uncomplicated firewall.
[    5.943198] iscsi: registered transport (iser)
[    5.945854] systemd[1]: Started Journal Service.
[[0;32m  OK  [0m] Started Journal Service.
[[0;32m  OK  [0m] Started Load Kernel Modules.
[[0;32m  OK  [0m] Started Set console keymap.
[[0;32m  OK  [0m] Started Nameserver information manager.
         Starting Apply Kernel Variables...
         Mounting FUSE Control File System...
[[0;32m  OK  [0m] Started LVM2 metadata daemon.
         Starting Load/Save Random Seed...
         Starting udev Coldplug all Devices...
         Starting Flush Journal to Persistent Storage...
         Starting Create Static Device Nodes in /dev...
[[0;32m  OK  [0m] Mounted FUSE Control File System.
[[0;32m  OK  [0m] Started Apply Kernel Variables.
[[0;32m  OK  [0m] Started Load/Save Random Seed.
[[0;32m  OK  [0m] Started Create Static Device Nodes in /dev.
[[0;32m  OK  [0m] Started Flush Journal to Persistent Storage.
[[0;32m  OK  [0m] Started udev Coldplug all Devices.
         Starting udev Kernel Device Manager...
[[0;32m  OK  [0m] Started udev Kernel Device Manager.
[[0;32m  OK  [0m] Started Dispatch Password Requests to Console Directory Watch.
[[0;32m  OK  [0m] Found device /dev/ttyS0.
[[0;32m  OK  [0m] Started Monitoring of LVM2 mirrors,...ng dmeventd or progress polling.
[[0;32m  OK  [0m] Reached target Local File Systems (Pre).
[[0;32m  OK  [0m] Reached target Local File Systems.
         Starting Tell Plymouth To Write Out Runtime Data...
         Starting Set console font and keymap...
         Starting Initial cloud-init job (pre-networking)...
         Starting LSB: AppArmor initialization...
         Starting Commit a transient machine-id on disk...
         Starting Create Volatile Files and Directories...
[[0;32m  OK  [0m] Started Tell Plymouth To Write Out Runtime Data.
[[0;32m  OK  [0m] Started Create Volatile Files and Directories.
[[0;32m  OK  [0m] Started Commit a transient machine-id on disk.
[[0;32m  OK  [0m] Listening on Load/Save RF Kill Switch Status /dev/rfkill Watch.
         Starting Update UTMP about System Boot/Shutdown...
[[0;32m  OK  [0m] Started Update UTMP about System Boot/Shutdown.
[[0;32m  OK  [0m] Started LSB: AppArmor initialization.
[    7.095728] cloud-init[524]: Cloud-init v. 18.4-0ubuntu1~16.04.2 running 'init-local' at Sat, 25 May 2019 19:40:57 +0000. Up 6.65 seconds.
[[0;32m  OK  [0m] Started Set console font and keymap.
[[0;32m  OK  [0m] Created slice system-getty.slice.
[[0;32m  OK  [0m] Started Initial cloud-init job (pre-networking).
[[0;32m  OK  [0m] Reached target Network (Pre).
         Starting Raise network interfaces...
[[0;32m  OK  [0m] Started Raise network interfaces.
[[0;32m  OK  [0m] Reached target Network.
         Starting Initial cloud-init job (metadata service crawler)...
[    8.871167] cloud-init[943]: Cloud-init v. 18.4-0ubuntu1~16.04.2 running 'init' at Sat, 25 May 2019 19:40:58 +0000. Up 7.82 seconds.
[    8.887728] cloud-init[943]: ci-info: ++++++++++++++++++++++++++++++++++++++Net device info+++++++++++++++++++++++++++++++++++++++
[    8.890054] cloud-init[943]: ci-info: +--------+-------+----------------------------+---------------+--------+-------------------+
[    8.892280] cloud-init[943]: ci-info: | Device |   Up  |          Address           |      Mask     | Scope  |     Hw-Address    |
[    8.894582] cloud-init[943]: ci-info: +--------+-------+----------------------------+---------------+--------+-------------------+
[    8.896843] cloud-init[943]: ci-info: | enp0s3 |  True |         10.0.2.15          | 255.255.255.0 | global | 02:9c:d2:53:c1:d1 |
[    8.899069] cloud-init[943]: ci-info: | enp0s3 |  True | fe80::9c:d2ff:fe53:c1d1/64 |       .       |  link  | 02:9c:d2:53:c1:d1 |
[    8.901306] cloud-init[943]: ci-info: | enp0s8 | False |             .              |       .       |   .    | 08:00:27:fb:fd:31 |
[    8.903570] cloud-init[943]: ci-info: |   lo   |  True |         127.0.0.1          |   255.0.0.0   |  host  |         .         |
[    8.906928] cloud-init[943]: ci-info: |   lo   |  True |          ::1/128           |       .       |  host  |         .         |
[    8.928054] cloud-init[943]: ci-info: +--------+-------+----------------------------+---------------+--------+-------------------+
[    8.936961] cloud-init[943]: ci-info: +++++++++++++++++++++++++++Route IPv4 info++++++++++++++++++++++++++++
[    8.942289] cloud-init[943]: ci-info: +-------+-------------+----------+---------------+-----------+-------+
[    8.944469] cloud-init[943]: ci-info: | Route | Destination | Gateway  |    Genmask    | Interface | Flags |
[    8.947659] cloud-init[943]: ci-info: +-------+-------------+----------+---------------+-----------+-------+
[    8.950841] cloud-init[943]: ci-info: |   0   |   0.0.0.0   | 10.0.2.2 |    0.0.0.0    |   enp0s3  |   UG  |
[    8.968619] [[0;32m  OK  [0m] Started Initial cloud-init job (metadata service crawler).
cloud-init[943]: ci-info: |   1   |   10.0.2.0  | 0.0.0.0  | 255.255.255.0 |   enp0s3  |   U   |
[    8.982499] [[0;32m  OK  [0m] Reached target Network is Online.
cloud-init[943]: ci-info: +-------+-------------+----------+---------------+-----------+-------+
[    8.998356] cloud-init         Starting iSCSI initiator daemon (iscsid)...
[[0;32m  OK  [0m] Reached target Cloud-config availability.
[[0;32m  OK  [0m] Reached target System Initialization.
[[0;32m  OK  [0m] Started Daily apt download activities.
[[0;32m  OK  [0m] Listening on UUID daemon activation socket.
[943]: ci-info: +++++++++++++++++++Route IPv6 info+++++++++++++++++++
[    9.017144] cloud-init[943]: ci-info: +-------+-------------+---------+-----------+-------+
[    9.032317] cloud-init[943]: ci-info: | Route | Destination | Gateway | Interface | Flags |
[    9.032712] cloud-init[943]: ci-info: +-------+-------------+---------+-----------+-------+
[    9.032948] cloud-init[943]: ci-info: |   0   |  fe80::/64  |    ::   |   enp0s3  |   U   |
[    9.035059] cloud-init[943]: ci-info: |   3   |   ff00::/8  |    ::   |   enp0s3  |   U   |
[    9.035740] cloud-init[943]: ci-info: +-------+-------------+---------+-----------+-------+
[    9.036141] cloud-init[943]: Generating public/private rsa key pair.
[[0;32m  OK  [0m] Started ACPI Events Check.
[    9.036484] cloud-init[943]: Your identification has been saved in /etc/ssh/ssh_host_rsa_key.
[    9.045510] cloud-init[943]: Your public key has been saved in /etc/ssh/ssh_host_rsa_key.pub.
[    9.045702] cloud-init[943]: The key fingerprint is:
[    9.045911] cloud-init[943]: SHA256:3xvrpzHI9zF9PUzFjwIAe3TpxlLr94JC/ehevEGHEjw root@ubuntu-xenial
[    9.046115] cloud-init[943]: The key's randomart image is:
[    9.046335] cloud-init[943]: +---[RSA 2048]----+
[    9.046537] cloud-init[943]: |      ..o ..     |
[    9.046746] cloud-init[943]: |       o +o    . |
[    9.046954] cloud-init[943]: |      . .+E.    o|
[    9.047162] cloud-init[943]: |       .. =+ . .o|
[    9.047385] cloud-init[943]: |        S=. + o..|
[[0;32m  OK  [0m] Reached target Paths.
[[    9.049066] cloud-init[943]: |        .oo*.oo..|
[    9.061036] cloud-init[943]: |       .  +=X.oo+|
[    9.062154] cloud-init[943]: |        . oooXooo|
[    9.062345] cloud-init[943]: |         +o.*+.  |
[    9.062566] cloud-init[943]: +----[SHA256]-----+
[    9.062777] cloud-init[943]: Generating public/private dsa key pair.
[    9.062993] cloud-init[943]: Your identification has been saved in /etc/ssh/ssh_host_dsa_key.
[    9.063209] cloud-init[943]: Your public key has been saved in /etc/ssh/ssh_host_dsa_key.pub.
[    9.063425] cloud-init[943]: The key fingerprint is:
[    9.063644] cloud-init[943]: SHA256:hqfu35wSYmvVou6MPHjLy7LI5j+GATiWxI5xFPb6vjM root@ubuntu-xenial
[    9.063857] cloud-init[943]: The key's randomart image is:
[    9.064136] cloud-init[943]: +---[DSA 1024]----+
[    9.064298] cloud-init[943]: |..+.             |
[    9.064517] cloud-init[943]: |.+..             |
[    9.064726] cloud-init[943]: |=o. .            |
[    9.064942] cloud-init[943]: |=+ .   .         |
[    9.065158] cloud-init[943]: |o..   . S.       |
[0;32m  OK  [0m] Started Daily Cleanup of Temporary Directories.
[[    9.065389] cloud-init[943]: | . .  o++ .      |
[    9.096733] cloud-init[943]: |  o....= o       |
[    9.096926] cloud-init[943]: |.+oBE++ .o .     |
[    9.097198] cloud-init[943]: |+o+=@%*...+      |
[    9.097440] cloud-init[943]: +----[SHA256]-----+
[    9.097701] cloud-init[943]: Generating public/private ecdsa key pair.
[    9.097937] cloud-init[943]: Your identification has been saved in /etc/ssh/ssh_host_ecdsa_key.
[    9.098187] cloud-init[943]: Your public key has been saved in /etc/ssh/ssh_host_ecdsa_key.pub.
[    9.098435] cloud-init[943]: The key fingerprint is:
[    9.098685] cloud-init[943]: SHA256:FLyv6T2iXmKS0zJW1zmWM9/1+1oGWlWDKwwNkMp0tGc root@ubuntu-xenial
[    9.098933] cloud-init[943]: The key's randomart image is:
[    9.099185] cloud-init[943]: +---[ECDSA 256]---+
[    9.099438] cloud-init[943]: |      .++.o   ...|
[    9.099681] cloud-init[943]: |     . ooo . .  o|
[    9.099936] cloud-init[943]: |    o o..Eo   . .|
[    9.102996] cloud-init[943]: |     o .+. = . . |
[    9.103213] cloud-init[943]: |      . S.O . o .|
[    9.103452] cloud-init[943]: |     + . ..= + o.|
[    9.103685] cloud-init[943]: |    B + .o  o . +|
[    9.103938] cloud-init[943]: |   . * o+..    o.|
[    9.105214] cloud-init[943]: |     .oo....  .oo|
[    9.105419] cloud-init[943]: +----[SHA256]-----+
[    9.105622] cloud-init[943]: Generating public/private ed25519 key pair.
[    9.105835] cloud-init[943]: Your identification has been saved in /etc/ssh/ssh_host_ed25519_key.
[    9.106041] cloud-init[943]: Your public key has been saved in /etc/ssh/ssh_host_ed25519_key.pub.
[    9.106250] cloud-init[943]: The key fingerprint is:
[    9.106462] cloud-init[943]: SHA256:gFKlZHB6mlL03zUIsgGKTvHlpgAHlPeenBJZvBbzrOw root@ubuntu-xenial
[    9.106669] cloud-init[943]: The key's randomart image is:
[    9.106876] cloud-init[943]: +--[ED25519 256]--+
[    9.107083] cloud-init[943]: |++*oOoo          |
[    9.107290] cloud-init[943]: |o=oOo@ . .       |
[    9.107715] cloud-init[943]: |oo=.XoB . o      |
[    9.107925] cloud-init[943]: |o..Bo= = . .     |
[0;32m  OK  [0m] Started Daily apt upgrade and clean activities.
[    9.108576] cloud-init[943]: |..o.* = S        |
[    9.148739] cloud-init[943]: | . . B           |
[    9.149282] cloud-init[943]: |    o            |
         Starting LXD - unix socket.
         Starting Socket activation for snappy daemon.[    9.149524] cloud-init[943]: |     E           |

[[    9.176132] cloud-init[943]: |                 |
[    9.177103] cloud-init[943]: +----[SHA256]-----+
[0;32m  OK  [0m] Reached target Timers.
[[0;32m  OK  [0m] Listening on D-Bus System Message Bus Socket.
[[0;32m  OK  [0m] Listening on ACPID Listen Socket.
[[0;32m  OK  [0m] Listening on LXD - unix socket.
[[0;32m  OK  [0m] Listening on Socket activation for snappy daemon.
[[0;32m  OK  [0m] Started iSCSI initiator daemon (iscsid).
         Starting Login to default iSCSI targets...
[[0;32m  OK  [0m] Reached target Sockets.
[[0;32m  OK  [0m] Reached target Basic System.
         Starting Login Service...
         Starting /etc/rc.local Compatibility...
         Starting Virtualbox guest utils...
[[0;32m  OK  [0m] Started Deferred execution scheduler.
[[0;32m  OK  [0m] Started D-Bus System Message Bus.
         Starting LSB: MD monitoring daemon...
         Starting Accounts Service...
[[0;32m  OK  [0m] Started ACPI event daemon.
         Starting LSB: Record successful boot for GRUB...
         Starting Snappy daemon...
[[0;32m  OK  [0m] Started Regular background program processing daemon.
[[0;32m  OK  [0m] Started Unattended Upgrades Shutdown.
         Starting LXD - container startup/shutdown...
[[0;32m  OK  [0m] Started FUSE filesystem for LXC.
         Starting System Logging Service...
         Starting Pollinate to seed the pseudo random number generator...
[[0;32m  OK  [0m] Started /etc/rc.local Compatibility.
[[0;32m  OK  [0m] Started System Logging Service.
[[0;32m  OK  [0m] Started Login to default iSCSI targets.
[[0;32m  OK  [0m] Started LSB: MD monitoring daemon.
[[0;32m  OK  [0m] Started Login Service.
[[0;32m  OK  [0m] Started LSB: Record successful boot for GRUB.
         Starting Authenticate and Authorize Users to Run Privileged Tasks...
[[0;32m  OK  [0m] Reached target Remote File Systems (Pre).
[[0;32m  OK  [0m] Reached target Remote File Systems.
         Starting LSB: daemon to balance interrupts for SMP systems...
         Starting LSB: automatic crash report generation...
         Starting Permit User Sessions...
         Starting LSB: Set the CPU Frequency Scaling governor to "ondemand"...
[[0;32m  OK  [0m] Started Permit User Sessions.
[[0;32m  OK  [0m] Started Authenticate and Authorize Users to Run Privileged Tasks.
[[0;32m  OK  [0m] Started Snappy daemon.
[[0;32m  OK  [0m] Started Virtualbox guest utils.
[[0;32m  OK  [0m] Started LXD - container startup/shutdown.
[[0;32m  OK  [0m] Started Accounts Service.
[[0;32m  OK  [0m] Started LSB: Set the CPU Frequency Scaling governor to "ondemand".
         Starting Wait until snapd is fully seeded...
         Starting Terminate Plymouth Boot Screen...
         Starting Hold until boot process finishes up...
[[0;32m  OK  [0m] Started LSB: daemon to balance interrupts for SMP systems.
[[0;32m  OK  [0m] Started LSB: automatic crash report generation.
[[0;32m  OK  [0m] Started Terminate Plymouth Boot Screen.
[[0;32m  OK  [0m] Started Hold until boot process finishes up.
[[0;32m  OK  [0m] Started Getty on tty1.
[[0;32m  OK  [0m] Started Serial Getty on ttyS0.
[[0;32m  OK  [0m] Reached target Login Prompts.
         Starting Set console scheme...
[[0;32m  OK  [0m] Started Set console scheme.
[[0;32m  OK  [0m] Started Pollinate to seed the pseudo random number generator.
         Starting OpenBSD Secure Shell server...
[[0;32m  OK  [0m] Started OpenBSD Secure Shell server.
[[0;32m  OK  [0m] Started Wait until snapd is fully seeded.
[[0;32m  OK  [0m] Reached target Multi-User System.
[[0;32m  OK  [0m] Reached target Graphical Interface.
         Starting Update UTMP about System Runlevel Changes...
         Starting Apply the settings specified in cloud-config...
[[0;32m  OK  [0m] Started Update UTMP about System Runlevel Changes.
[[0;32m  OK  [0m] Created slice User Slice of vagrant.
[[0;32m  OK  [0m] Started Session 1 of user vagrant.
         Starting User Manager for UID 1000...
[[0;32m  OK  [0m] Started User Manager for UID 1000.
[   12.417448] cloud-init[1271]: Generating locales (this might take a while)...
[   13.449098] cloud-init[1271]:   en_US.UTF-8... done
[   13.457974] cloud-init[1271]: Generation complete.
[   14.422538] cloud-init[1271]: Cloud-init v. 18.4-0ubuntu1~16.04.2 running 'modules:config' at Sat, 25 May 2019 19:41:02 +0000. Up 12.29 seconds.
[[0;32m  OK  [0m] Started Apply the settings specified in cloud-config.
         Starting Execute cloud user/final scripts...
ci-info: no authorized ssh keys fingerprints found for user ubuntu.
<14>May 25 19:41:05 ec2: 
<14>May 25 19:41:05 ec2: #############################################################
<14>May 25 19:41:05 ec2: -----BEGIN SSH HOST KEY FINGERPRINTS-----
<14>May 25 19:41:05 ec2: 1024 SHA256:hqfu35wSYmvVou6MPHjLy7LI5j+GATiWxI5xFPb6vjM root@ubuntu-xenial (DSA)
<14>May 25 19:41:05 ec2: 256 SHA256:FLyv6T2iXmKS0zJW1zmWM9/1+1oGWlWDKwwNkMp0tGc root@ubuntu-xenial (ECDSA)
<14>May 25 19:41:05 ec2: 256 SHA256:gFKlZHB6mlL03zUIsgGKTvHlpgAHlPeenBJZvBbzrOw root@ubuntu-xenial (ED25519)
<14>May 25 19:41:05 ec2: 2048 SHA256:3xvrpzHI9zF9PUzFjwIAe3TpxlLr94JC/ehevEGHEjw root@ubuntu-xenial (RSA)
<14>May 25 19:41:05 ec2: -----END SSH HOST KEY FINGERPRINTS-----
<14>May 25 19:41:05 ec2: #############################################################
-----BEGIN SSH HOST KEY KEYS-----
ecdsa-sha2-nistp256 AAAAE2VjZHNhLXNoYTItbmlzdHAyNTYAAAAIbmlzdHAyNTYAAABBBBKmSaF9KRgd+AmH4TPqrR6KrqU26I35vLIt0B56STz9cm8Uqb/8ol1dZTEv2xuHubA/1WHxi2v5t/05emq65io= root@ubuntu-xenial
ssh-ed25519 AAAAC3NzaC1lZDI1NTE5AAAAIK7p9wHSoLFNdWTG91RxObD3Rlp0KyYpHz6GJE9ckMfP root@ubuntu-xenial
ssh-rsa AAAAB3NzaC1yc2EAAAADAQABAAABAQDG3dUVQ4ja3V1jbUwiL/ZVhxXRvCBqKInm0zs3tHCPpF1W7xGqgDBGwPUF+bjPK6ulZxy5brz6zGVP/uHTxUzxylm5noOTnrVYmw6vFiEE3NF5L5iENQLjgBTgfAfNv+hKm/GhNACYlP/PgKGazJXhWQjFGJQrPniNCnaaeUFuFf2Bwp7UeYC1JP7aR1ZElh58hFJAFIkogJ9BlbUwxeEHEirrFSECYsuGIYJFsrYTcjx7FsnmDKPKOfkf4Cbo7Ssc8WP3/rMw7DlLiiFjLZrHNSzcf4s6f/pZxDKRMjQ1uBJ5q03BQrjiVHJJiJHaqBhpbMQ13O2Uv6ImL+dMBWmF root@ubuntu-xenial
-----END SSH HOST KEY KEYS-----
[   14.966434] cloud-init[1432]: Cloud-init v. 18.4-0ubuntu1~16.04.2 running 'modules:final' at Sat, 25 May 2019 19:41:05 +0000. Up 14.79 seconds.
[   14.966796] cloud-init[1432]: ci-info: no authorized ssh keys fingerprints found for user ubuntu.
[   14.967285] cloud-init[1432]: Cloud-init v. 18.4-0ubuntu1~16.04.2 finished at Sat, 25 May 2019 19:41:05 +0000. Datasource DataSourceNoCloud [seed=/dev/sdb][dsmode=net].  Up 14.95 seconds

Ubuntu 16.04.5 LTS ubuntu-xenial ttyS0

ubuntu-xenial login: 